<?xml version="1.0" encoding="UTF-8"?>
<testng-results ignored="0" total="1" passed="1" failed="0" skipped="0">
  <reporter-output>
  </reporter-output>
  <suite started-at="2022-12-31T15:29:51 IST" name="Default suite" finished-at="2022-12-31T15:32:42 IST" duration-ms="171049">
    <groups>
    </groups>
    <test started-at="2022-12-31T15:29:51 IST" name="Default test" finished-at="2022-12-31T15:32:42 IST" duration-ms="171049">
      <class name="com.test.Practice">
        <test-method signature="t1()[pri:0, instance:com.test.Practice@31d7b7bf]" started-at="2022-12-31T15:29:51 IST" name="t1" finished-at="2022-12-31T15:32:42 IST" duration-ms="170891" status="PASS">
          <reporter-output>
          </reporter-output>
        </test-method> <!-- t1 -->
      </class> <!-- com.test.Practice -->
    </test> <!-- Default test -->
  </suite> <!-- Default suite -->
</testng-results>
